\BOOKMARK [1][-]{section.1}{数据结构}{}% 1
\BOOKMARK [2][-]{subsection.1.1}{树状数组}{section.1}% 2
\BOOKMARK [2][-]{subsection.1.2}{坐标离散}{section.1}% 3
\BOOKMARK [2][-]{subsection.1.3}{lca-rmq}{section.1}% 4
\BOOKMARK [2][-]{subsection.1.4}{rmq2d}{section.1}% 5
\BOOKMARK [2][-]{subsection.1.5}{划分树}{section.1}% 6
\BOOKMARK [2][-]{subsection.1.6}{扫描线 矩形面积并}{section.1}% 7
\BOOKMARK [1][-]{section.2}{数学}{}% 8
\BOOKMARK [2][-]{subsection.2.1}{素数}{section.2}% 9
\BOOKMARK [3][-]{subsubsection.2.1.1}{筛素数}{subsection.2.1}% 10
\BOOKMARK [3][-]{subsubsection.2.1.2}{Miller-Rabbin}{subsection.2.1}% 11
\BOOKMARK [2][-]{subsection.2.2}{Gcd}{section.2}% 12
\BOOKMARK [2][-]{subsection.2.3}{extend-gcd}{section.2}% 13
\BOOKMARK [3][-]{subsubsection.2.3.1}{求模线性方程}{subsection.2.3}% 14
\BOOKMARK [3][-]{subsubsection.2.3.2}{求逆}{subsection.2.3}% 15
\BOOKMARK [2][-]{subsection.2.4}{快速加}{section.2}% 16
\BOOKMARK [2][-]{subsection.2.5}{快速幂}{section.2}% 17
\BOOKMARK [2][-]{subsection.2.6}{矩阵类}{section.2}% 18
\BOOKMARK [2][-]{subsection.2.7}{容斥}{section.2}% 19
\BOOKMARK [2][-]{subsection.2.8}{组合数}{section.2}% 20
\BOOKMARK [3][-]{subsubsection.2.8.1}{暴力求解}{subsection.2.8}% 21
\BOOKMARK [3][-]{subsubsection.2.8.2}{打表}{subsection.2.8}% 22
\BOOKMARK [3][-]{subsubsection.2.8.3}{质因数分解}{subsection.2.8}% 23
\BOOKMARK [3][-]{subsubsection.2.8.4}{Lucas}{subsection.2.8}% 24
\BOOKMARK [2][-]{subsection.2.9}{pollardRho}{section.2}% 25
\BOOKMARK [2][-]{subsection.2.10}{欧拉函数}{section.2}% 26
\BOOKMARK [3][-]{subsubsection.2.10.1}{一般的求法}{subsection.2.10}% 27
\BOOKMARK [3][-]{subsubsection.2.10.2}{递推}{subsection.2.10}% 28
\BOOKMARK [3][-]{subsubsection.2.10.3}{单独求}{subsection.2.10}% 29
\BOOKMARK [2][-]{subsection.2.11}{高斯消元}{section.2}% 30
\BOOKMARK [3][-]{subsubsection.2.11.1}{模二消元}{subsection.2.11}% 31
\BOOKMARK [3][-]{subsubsection.2.11.2}{浮点}{subsection.2.11}% 32
\BOOKMARK [2][-]{subsection.2.12}{格雷码}{section.2}% 33
\BOOKMARK [2][-]{subsection.2.13}{离散对数}{section.2}% 34
\BOOKMARK [2][-]{subsection.2.14}{字典序}{section.2}% 35
\BOOKMARK [3][-]{subsubsection.2.14.1}{排列}{subsection.2.14}% 36
\BOOKMARK [3][-]{subsubsection.2.14.2}{组合}{subsection.2.14}% 37
\BOOKMARK [2][-]{subsection.2.15}{置换polya}{section.2}% 38
\BOOKMARK [1][-]{section.3}{string}{}% 39
\BOOKMARK [2][-]{subsection.3.1}{kmp}{section.3}% 40
\BOOKMARK [2][-]{subsection.3.2}{kmp}{section.3}% 41
\BOOKMARK [2][-]{subsection.3.3}{manacher}{section.3}% 42
\BOOKMARK [2][-]{subsection.3.4}{ac自动机}{section.3}% 43
\BOOKMARK [2][-]{subsection.3.5}{后缀数组}{section.3}% 44
\BOOKMARK [2][-]{subsection.3.6}{后缀自动机}{section.3}% 45
\BOOKMARK [2][-]{subsection.3.7}{elfhash}{section.3}% 46
\BOOKMARK [2][-]{subsection.3.8}{散列hash}{section.3}% 47
\BOOKMARK [2][-]{subsection.3.9}{可获取任意段字符串的hash}{section.3}% 48
\BOOKMARK [1][-]{section.4}{图论}{}% 49
\BOOKMARK [2][-]{subsection.4.1}{前向星}{section.4}% 50
\BOOKMARK [2][-]{subsection.4.2}{并差集}{section.4}% 51
\BOOKMARK [2][-]{subsection.4.3}{spfa}{section.4}% 52
\BOOKMARK [2][-]{subsection.4.4}{LCA}{section.4}% 53
\BOOKMARK [2][-]{subsection.4.5}{Dinic}{section.4}% 54
\BOOKMARK [2][-]{subsection.4.6}{sap}{section.4}% 55
\BOOKMARK [2][-]{subsection.4.7}{费用流}{section.4}% 56
\BOOKMARK [1][-]{section.5}{计算几何}{}% 57
\BOOKMARK [2][-]{subsection.5.1}{动态凸包}{section.5}% 58
